# JRE version: OpenJDK Runtime Environment (11.0.11+9) (build 11.0.11+9-b60-7590822)
# Java VM: OpenJDK 64-Bit Server VM (11.0.11+9-b60-7590822, mixed mode, tiered, compressed oops, g1 gc, windows-amd64)
Heap:
 garbage-first heap   total 260096K, used 99610K [0x0000000080000000, 0x0000000100000000)
  region size 1024K, 26 young (26624K), 6 survivors (6144K)
 Metaspace       used 142887K, capacity 146575K, committed 148196K, reserved 1177600K
  class space    used 17572K, capacity 19046K, committed 19376K, reserved 1048576K
GC Heap History (20 events):
Event: 5131.083 GC heap before
{Heap before GC invocations=65 (full 0):
 garbage-first heap   total 262144K, used 209678K [0x0000000080000000, 0x0000000100000000)
  region size 1024K, 72 young (73728K), 1 survivors (1024K)
 Metaspace       used 143569K, capacity 147788K, committed 147940K, reserved 1177600K
  class space    used 17708K, capacity 19297K, committed 19376K, reserved 1048576K
}
Event: 5131.092 GC heap after
{Heap after GC invocations=66 (full 0):
 garbage-first heap   total 262144K, used 142116K [0x0000000080000000, 0x0000000100000000)
  region size 1024K, 9 young (9216K), 9 survivors (9216K)
 Metaspace       used 143569K, capacity 147788K, committed 147940K, reserved 1177600K
  class space    used 17708K, capacity 19297K, committed 19376K, reserved 1048576K
}
Event: 5131.098 GC heap before
{Heap before GC invocations=66 (full 0):
 garbage-first heap   total 262144K, used 144164K [0x0000000080000000, 0x0000000100000000)
  region size 1024K, 12 young (12288K), 9 survivors (9216K)
 Metaspace       used 143572K, capacity 147788K, committed 147940K, reserved 1177600K
  class space    used 17708K, capacity 19297K, committed 19376K, reserved 1048576K
}
Event: 5131.110 GC heap after
{Heap after GC invocations=67 (full 0):
 garbage-first heap   total 262144K, used 128263K [0x0000000080000000, 0x0000000100000000)
  region size 1024K, 2 young (2048K), 2 survivors (2048K)
 Metaspace       used 143572K, capacity 147788K, committed 147940K, reserved 1177600K
  class space    used 17708K, capacity 19297K, committed 19376K, reserved 1048576K
}
Event: 5131.171 GC heap before
{Heap before GC invocations=67 (full 0):
 garbage-first heap   total 262144K, used 145671K [0x0000000080000000, 0x0000000100000000)
  region size 1024K, 20 young (20480K), 2 survivors (2048K)
 Metaspace       used 143606K, capacity 147788K, committed 147940K, reserved 1177600K
  class space    used 17708K, capacity 19297K, committed 19376K, reserved 1048576K
}
Event: 5131.182 GC heap after
{Heap after GC invocations=68 (full 0):
 garbage-first heap   total 262144K, used 137140K [0x0000000080000000, 0x0000000100000000)
  region size 1024K, 9 young (9216K), 9 survivors (9216K)
 Metaspace       used 143606K, capacity 147788K, committed 147940K, reserved 1177600K
  class space    used 17708K, capacity 19297K, committed 19376K, reserved 1048576K
}
Event: 5132.306 GC heap before
{Heap before GC invocations=69 (full 0):
 garbage-first heap   total 262144K, used 201652K [0x0000000080000000, 0x0000000100000000)
  region size 1024K, 58 young (59392K), 9 survivors (9216K)
 Metaspace       used 143673K, capacity 147920K, committed 148196K, reserved 1177600K
  class space    used 17708K, capacity 19297K, committed 19376K, reserved 1048576K
}
Event: 5132.316 GC heap after
{Heap after GC invocations=70 (full 0):
 garbage-first heap   total 262144K, used 142958K [0x0000000080000000, 0x0000000100000000)
  region size 1024K, 7 young (7168K), 7 survivors (7168K)
 Metaspace       used 143673K, capacity 147920K, committed 148196K, reserved 1177600K
  class space    used 17708K, capacity 19297K, committed 19376K, reserved 1048576K
}
Event: 5132.376 GC heap before
{Heap before GC invocations=70 (full 0):
 garbage-first heap   total 262144K, used 148078K [0x0000000080000000, 0x0000000100000000)
  region size 1024K, 12 young (12288K), 7 survivors (7168K)
 Metaspace       used 143674K, capacity 147920K, committed 148196K, reserved 1177600K
  class space    used 17708K, capacity 19297K, committed 19376K, reserved 1048576K
}
Event: 5132.384 GC heap after
{Heap after GC invocations=71 (full 0):
 garbage-first heap   total 262144K, used 130345K [0x0000000080000000, 0x0000000100000000)
  region size 1024K, 2 young (2048K), 2 survivors (2048K)
 Metaspace       used 143674K, capacity 147920K, committed 148196K, reserved 1177600K
  class space    used 17708K, capacity 19297K, committed 19376K, reserved 1048576K
}
Event: 5132.517 GC heap before
{Heap before GC invocations=71 (full 0):
 garbage-first heap   total 262144K, used 149801K [0x0000000080000000, 0x0000000100000000)
  region size 1024K, 23 young (23552K), 2 survivors (2048K)
 Metaspace       used 143685K, capacity 147922K, committed 148196K, reserved 1177600K
  class space    used 17708K, capacity 19297K, committed 19376K, reserved 1048576K
}
Event: 5132.522 GC heap after
{Heap after GC invocations=72 (full 0):
 garbage-first heap   total 262144K, used 130177K [0x0000000080000000, 0x0000000100000000)
  region size 1024K, 2 young (2048K), 2 survivors (2048K)
 Metaspace       used 143685K, capacity 147922K, committed 148196K, reserved 1177600K
  class space    used 17708K, capacity 19297K, committed 19376K, reserved 1048576K
}
Event: 8131.948 GC heap before
{Heap before GC invocations=73 (full 0):
 garbage-first heap   total 262144K, used 193665K [0x0000000080000000, 0x0000000100000000)
  region size 1024K, 60 young (61440K), 2 survivors (2048K)
 Metaspace       used 143707K, capacity 147925K, committed 148196K, reserved 1177600K
  class space    used 17708K, capacity 19297K, committed 19376K, reserved 1048576K
}
Event: 8131.953 GC heap after
{Heap after GC invocations=74 (full 0):
 garbage-first heap   total 262144K, used 124644K [0x0000000080000000, 0x0000000100000000)
  region size 1024K, 1 young (1024K), 1 survivors (1024K)
 Metaspace       used 143707K, capacity 147925K, committed 148196K, reserved 1177600K
  class space    used 17708K, capacity 19297K, committed 19376K, reserved 1048576K
}
Event: 8761.959 GC heap before
{Heap before GC invocations=74 (full 0):
 garbage-first heap   total 262144K, used 135908K [0x0000000080000000, 0x0000000100000000)
  region size 1024K, 12 young (12288K), 1 survivors (1024K)
 Metaspace       used 143708K, capacity 147925K, committed 148196K, reserved 1177600K
  class space    used 17708K, capacity 19297K, committed 19376K, reserved 1048576K
}
Event: 8762.017 GC heap after
{Heap after GC invocations=75 (full 0):
 garbage-first heap   total 262144K, used 107670K [0x0000000080000000, 0x0000000100000000)
  region size 1024K, 1 young (1024K), 1 survivors (1024K)
 Metaspace       used 143708K, capacity 147925K, committed 148196K, reserved 1177600K
  class space    used 17708K, capacity 19297K, committed 19376K, reserved 1048576K
}
Event: 12362.021 GC heap before
{Heap before GC invocations=75 (full 0):
 garbage-first heap   total 262144K, used 171158K [0x0000000080000000, 0x0000000100000000)
  region size 1024K, 64 young (65536K), 1 survivors (1024K)
 Metaspace       used 143798K, capacity 148049K, committed 148196K, reserved 1177600K
  class space    used 17731K, capacity 19341K, committed 19376K, reserved 1048576K
}
Event: 12362.322 GC heap after
{Heap after GC invocations=76 (full 1):
 garbage-first heap   total 260096K, used 74835K [0x0000000080000000, 0x0000000100000000)
  region size 1024K, 0 young (0K), 0 survivors (0K)
 Metaspace       used 142663K, capacity 146297K, committed 148196K, reserved 1177600K
  class space    used 17542K, capacity 18991K, committed 19376K, reserved 1048576K
}
Event: 13656.071 GC heap before
{Heap before GC invocations=76 (full 1):
 garbage-first heap   total 260096K, used 165971K [0x0000000080000000, 0x0000000100000000)
  region size 1024K, 90 young (92160K), 0 survivors (0K)
 Metaspace       used 142880K, capacity 146574K, committed 148196K, reserved 1177600K
  class space    used 17572K, capacity 19046K, committed 19376K, reserved 1048576K
}
Event: 13656.088 GC heap after
{Heap after GC invocations=77 (full 1):
 garbage-first heap   total 260096K, used 80154K [0x0000000080000000, 0x0000000100000000)
  region size 1024K, 6 young (6144K), 6 survivors (6144K)
 Metaspace       used 142880K, capacity 146574K, committed 148196K, reserved 1177600K
  class space    used 17572K, capacity 19046K, committed 19376K, reserved 1048576K
}

